<?xml version="1.0" encoding="UTF-8"?>
<testng-results skipped="0" failed="0" ignored="0" total="1" passed="1">
  <reporter-output>
  </reporter-output>
  <suite name="Smoke Suite" duration-ms="61448" started-at="2021-01-06T15:30:19 IST" finished-at="2021-01-06T15:31:20 IST">
    <groups>
    </groups>
    <test name="Smoke Test" duration-ms="61448" started-at="2021-01-06T15:30:19 IST" finished-at="2021-01-06T15:31:20 IST">
      <class name="testscripts.Facebook_Login">
        <test-method status="PASS" signature="beforeSuite()[pri:0, instance:testscripts.Facebook_Login@2b48a640]" name="beforeSuite" is-config="true" duration-ms="222" started-at="2021-01-06T15:30:19 IST" finished-at="2021-01-06T15:30:19 IST">
          <reporter-output>
          </reporter-output>
        </test-method> <!-- beforeSuite -->
        <test-method status="PASS" signature="startUp(java.lang.reflect.Method)[pri:0, instance:testscripts.Facebook_Login@2b48a640]" name="startUp" is-config="true" duration-ms="29504" started-at="2021-01-06T15:30:19 IST" finished-at="2021-01-06T15:30:48 IST">
          <params>
            <param index="0">
              <value>
                <![CDATA[public void testscripts.Facebook_Login.Test_001()]]>
              </value>
            </param>
          </params>
          <reporter-output>
          </reporter-output>
        </test-method> <!-- startUp -->
        <test-method status="PASS" signature="Test_001()[pri:0, instance:testscripts.Facebook_Login@2b48a640]" name="Test_001" duration-ms="30895" started-at="2021-01-06T15:30:48 IST" description="verify facebook login functionality" finished-at="2021-01-06T15:31:19 IST">
          <reporter-output>
          </reporter-output>
        </test-method> <!-- Test_001 -->
        <test-method status="PASS" signature="afterMethod(org.testng.ITestResult)[pri:0, instance:testscripts.Facebook_Login@2b48a640]" name="afterMethod" is-config="true" duration-ms="996" started-at="2021-01-06T15:31:19 IST" finished-at="2021-01-06T15:31:20 IST">
          <params>
            <param index="0">
              <value>
                <![CDATA[[TestResult name=Test_001 status=SUCCESS method=Facebook_Login.Test_001()[pri:0, instance:testscripts.Facebook_Login@2b48a640] output={null}]]]>
              </value>
            </param>
          </params>
          <reporter-output>
          </reporter-output>
        </test-method> <!-- afterMethod -->
        <test-method status="PASS" signature="afterSuite()[pri:0, instance:testscripts.Facebook_Login@2b48a640]" name="afterSuite" is-config="true" duration-ms="918" started-at="2021-01-06T15:31:20 IST" finished-at="2021-01-06T15:31:21 IST">
          <reporter-output>
          </reporter-output>
        </test-method> <!-- afterSuite -->
      </class> <!-- testscripts.Facebook_Login -->
    </test> <!-- Smoke Test -->
  </suite> <!-- Smoke Suite -->
</testng-results>
