-------------------------------------------------------------------------------
Test set: TestSuite
-------------------------------------------------------------------------------
Tests run: 1, Failures: 1, Errors: 0, Skipped: 0, Time elapsed: 51.667 s <<< FAILURE! - in TestSuite
Test_001(testscripts.IRCTCBooking)  Time elapsed: 39.686 s  <<< FAILURE!
org.openqa.selenium.WebDriverException: 
unknown error: Element <button _ngcontent-c2="" class="btn btn-primary" type="submit" aria-label="Confirmation. For trains with Pantry Car, Cooked Food shall not be available in trains. Only Packed Items, Ready to eat, Packaged drinking water and Tea/Coffee/Beverages will be available on limited trains and station catering units.<a class=&quot;txt-msg-info&quot; target=&quot;_blank&quot; href=&quot;http://contents.irctc.co.in/en/ListofTrainswithPantryCar.pdf&quot;>Please click here for List of trains.</a><br/><br/>For trains without Pantry Car, No food will be provided in train. Passengers should make their own arrangement for food and drinking water for rail travel. <a class=&quot;txt-msg-info&quot; target=&quot;_blank&quot;href=&quot;http://contents.irctc.co.in/en/ListofTrainswithNoPantryCar.pdf&quot;>Please click here for List of trains.</a><br/> <br/>COVID 19 Alert:<br/> <br/> During COVID-19, You are Responsible for Your Own Health:<br/><br/><i class=&quot;fa fa-circle&quot; ></i> Use Face Mask, Maintain Social Distancing and Wash Hands Frequently<br/><br/><i class=&quot;fa fa-circle&quot; ></i>Indian Railways has restarted passenger train operations from 12th May, 2020, initially with 15 pairs of trains (30 return journeys).<br/><br/><div class=&quot;modal-title&quot; style=&quot;font-size:1.8rem&quot;><i class=&quot;fa fa-circle&quot; ></i>Dear passengers,  it is advisable to download Aarogya Setu App on your mobile phone, before commencing Rail journey. </div><br/><br/> <div class=&quot;modal-title&quot; style=&quot;font-size:1.8rem&quot;><i class=&quot;fa fa-circle&quot; ></i>All Passenger to kindly note that on arrival at their destination, the traveling passengers will have to adhere to such health protocols as are prescribed by the destination State/UT. <a class=&quot;txt-msg-info&quot; target=&quot;_blank&quot; href=&quot;http://contents.irctc.co.in/en/stateWiseAdvisory.html&quot;>Click Here to see state wise advisory on Arrival(As available). </a>For other states, State Govt websites may be visited to ascertain the same.</div><br/><br/><i class=&quot;fa fa-circle&quot; ></i> For trains cancelled till 30th June 2020 by Indian Railways, full refund will be provided automatically by IRCTC. Users need not cancel their e-tickets. Full fare will be credited back into users accounts from which payment was made.<br/><br/><i class=&quot;fa fa-circle&quot; ></i> Catering Service is not available and catering charges not included in the fare.<br/><br/><i class=&quot;fa fa-circle&quot; ></i> No blanket and linen shall be provided in the train.<br/><br/><i class=&quot;fa fa-circle&quot; ></i>There are Maximum Waiting List Limits in the PRS booking system for which Waitlisted Tickets can be issued after all confirmed tickets are exhausted. Your ticket booking request may get declined as the Maximum Waiting List Limit may be reached in the booking system by the time payment success response is received from your bank. In such case, your deducted amount  will be refunded back, without any deductions, to your bank account in 3-5 working days. Inconvenience caused is regretted.. Press ... to confirm">Ok</button> is not clickable at point (39, 11). Other element would receive the click: <label _ngcontent-c9="" class="css-label_c t_c" for="dateSpecific" style="color: #082b71;">...</label>
  (Session info: chrome=84.0.4147.125)
  (Driver info: chromedriver=2.42.591088 (7b2b2dca23cca0862f674758c9a3933e685c27d5),platform=Windows NT 10.0.18363 x86_64) (WARNING: The server did not provide any stacktrace information)
Command duration or timeout: 0 milliseconds
Build info: version: '3.141.59', revision: 'e82be7d358', time: '2018-11-14T08:17:03'
System info: host: 'LAPTOP-6FNG226P', ip: '192.168.43.166', os.name: 'Windows 10', os.arch: 'amd64', os.version: '10.0', java.version: '1.8.0_221'
Driver info: org.openqa.selenium.chrome.ChromeDriver
Capabilities {acceptInsecureCerts: false, acceptSslCerts: false, applicationCacheEnabled: false, browserConnectionEnabled: false, browserName: chrome, chrome: {chromedriverVersion: 2.42.591088 (7b2b2dca23cca0..., userDataDir: C:\Users\AJAYKU~1\AppData\L...}, cssSelectorsEnabled: true, databaseEnabled: false, goog:chromeOptions: {debuggerAddress: localhost:56874}, handlesAlerts: true, hasTouchScreen: false, javascriptEnabled: true, locationContextEnabled: true, mobileEmulationEnabled: false, nativeEvents: true, networkConnectionEnabled: false, pageLoadStrategy: normal, platform: XP, platformName: XP, rotatable: false, setWindowRect: true, takesHeapSnapshot: true, takesScreenshot: true, unexpectedAlertBehaviour: , unhandledPromptBehavior: , version: 84.0.4147.125, webStorageEnabled: true}
Session ID: 52ab61309bbeddc777b3b97488e29662
	at testscripts.IRCTCBooking.Test_001(IRCTCBooking.java:12)

