<?xml version="1.0" encoding="UTF-8"?>
<testsuite xmlns:xsi="http://www.w3.org/2001/XMLSchema-instance" xsi:noNamespaceSchemaLocation="https://maven.apache.org/surefire/maven-surefire-plugin/xsd/surefire-test-report.xsd" name="TestSuite" time="5.226" tests="6" errors="0" skipped="4" failures="2">
  <properties>
[...]
</properties>
  <testcase name="startUp" classname="automation.testsuite.SmokeSuite" time="5.092">
    <failure type="java.lang.NullPointerException">java.lang.NullPointerException
</failure>
    <system-out><![CDATA[Test Report Directory is created: C:\Users\Ajay Kumar\IdeaProjects\automation-framework-pom/extent-report/SmokeSuite/2020.04.09.19.28.38/html-report
19:28:39.670 [TestNG-test=SmokeTest-2] ERROR automation.library.common.FileHelper - java.io.FileNotFoundException: C:\Users\Ajay Kumar\IdeaProjects\automation-framework-pom\src\main\resources\config\selenium\techstacks\null.json (The system cannot find the file specified)
19:28:39.670 [TestNG-test=SmokeTest-1] ERROR automation.library.common.FileHelper - java.io.FileNotFoundException: C:\Users\Ajay Kumar\IdeaProjects\automation-framework-pom\src\main\resources\config\selenium\techstacks\null.json (The system cannot find the file specified)
]]></system-out>
  </testcase>
  <testcase name="startUp" classname="automation.testsuite.SmokeSuite" time="5.093">
    <failure type="java.lang.NullPointerException">java.lang.NullPointerException
</failure>
  </testcase>
  <testcase name="FacebookRegistration" classname="automation.testsuite.SmokeSuite" time="0">
    <skipped/>
  </testcase>
  <testcase name="FacebookLogin" classname="automation.testsuite.SmokeSuite" time="0">
    <skipped/>
  </testcase>
  <testcase name="afterMethod" classname="automation.testsuite.SmokeSuite" time="0">
    <skipped/>
  </testcase>
  <testcase name="afterMethod" classname="automation.testsuite.SmokeSuite" time="0">
    <skipped/>
  </testcase>
</testsuite>